<?xml version="1.0" encoding="UTF-8"?>
<testsuite xmlns:xsi="http://www.w3.org/2001/XMLSchema-instance" xsi:noNamespaceSchemaLocation="https://maven.apache.org/surefire/maven-surefire-plugin/xsd/surefire-test-report-3.0.xsd" version="3.0" name="com.tallerwebi.infraestructura.RepositorioMetodoTest" time="1.959" tests="4" errors="0" skipped="0" failures="1">
  <properties>
    <property name="java.specification.version" value="20"/>
    <property name="sun.cpu.isalist" value="amd64"/>
    <property name="sun.jnu.encoding" value="Cp1252"/>
    <property name="java.class.path" value="C:\Users\leite\IdeaProjects\Proyecto-Taller-Web\target\test-classes;C:\Users\leite\IdeaProjects\Proyecto-Taller-Web\target\classes;C:\Users\leite\.m2\repository\org\springframework\spring-webmvc\5.2.22.RELEASE\spring-webmvc-5.2.22.RELEASE.jar;C:\Users\leite\.m2\repository\org\springframework\spring-aop\5.2.22.RELEASE\spring-aop-5.2.22.RELEASE.jar;C:\Users\leite\.m2\repository\org\springframework\spring-beans\5.2.22.RELEASE\spring-beans-5.2.22.RELEASE.jar;C:\Users\leite\.m2\repository\org\springframework\spring-context\5.2.22.RELEASE\spring-context-5.2.22.RELEASE.jar;C:\Users\leite\.m2\repository\org\springframework\spring-core\5.2.22.RELEASE\spring-core-5.2.22.RELEASE.jar;C:\Users\leite\.m2\repository\org\springframework\spring-jcl\5.2.22.RELEASE\spring-jcl-5.2.22.RELEASE.jar;C:\Users\leite\.m2\repository\org\springframework\spring-expression\5.2.22.RELEASE\spring-expression-5.2.22.RELEASE.jar;C:\Users\leite\.m2\repository\org\springframework\spring-web\5.2.22.RELEASE\spring-web-5.2.22.RELEASE.jar;C:\Users\leite\.m2\repository\org\springframework\spring-orm\5.2.22.RELEASE\spring-orm-5.2.22.RELEASE.jar;C:\Users\leite\.m2\repository\org\springframework\spring-tx\5.2.22.RELEASE\spring-tx-5.2.22.RELEASE.jar;C:\Users\leite\.m2\repository\org\springframework\spring-jdbc\5.2.22.RELEASE\spring-jdbc-5.2.22.RELEASE.jar;C:\Users\leite\.m2\repository\org\hsqldb\hsqldb\2.3.2\hsqldb-2.3.2.jar;C:\Users\leite\.m2\repository\org\thymeleaf\thymeleaf-spring5\3.0.15.RELEASE\thymeleaf-spring5-3.0.15.RELEASE.jar;C:\Users\leite\.m2\repository\org\thymeleaf\thymeleaf\3.0.15.RELEASE\thymeleaf-3.0.15.RELEASE.jar;C:\Users\leite\.m2\repository\org\attoparser\attoparser\2.0.5.RELEASE\attoparser-2.0.5.RELEASE.jar;C:\Users\leite\.m2\repository\org\unbescape\unbescape\1.1.6.RELEASE\unbescape-1.1.6.RELEASE.jar;C:\Users\leite\.m2\repository\org\slf4j\slf4j-api\1.7.25\slf4j-api-1.7.25.jar;C:\Users\leite\.m2\repository\org\webjars\bootstrap\5.2.0\bootstrap-5.2.0.jar;C:\Users\leite\.m2\repository\jakarta\servlet\jakarta.servlet-api\4.0.4\jakarta.servlet-api-4.0.4.jar;C:\Users\leite\.m2\repository\org\springframework\spring-test\5.2.22.RELEASE\spring-test-5.2.22.RELEASE.jar;C:\Users\leite\.m2\repository\org\webjars\fullcalendar\5.10.1\fullcalendar-5.10.1.jar;C:\Users\leite\.m2\repository\org\webjars\jquery\1.11.1\jquery-1.11.1.jar;C:\Users\leite\.m2\repository\org\webjars\momentjs\2.5.0\momentjs-2.5.0.jar;C:\Users\leite\.m2\repository\org\junit\jupiter\junit-jupiter-engine\5.9.0\junit-jupiter-engine-5.9.0.jar;C:\Users\leite\.m2\repository\org\junit\platform\junit-platform-engine\1.9.0\junit-platform-engine-1.9.0.jar;C:\Users\leite\.m2\repository\org\junit\platform\junit-platform-commons\1.9.0\junit-platform-commons-1.9.0.jar;C:\Users\leite\.m2\repository\org\junit\jupiter\junit-jupiter-api\5.9.0\junit-jupiter-api-5.9.0.jar;C:\Users\leite\.m2\repository\org\apiguardian\apiguardian-api\1.1.2\apiguardian-api-1.1.2.jar;C:\Users\leite\.m2\repository\org\mockito\mockito-core\5.3.1\mockito-core-5.3.1.jar;C:\Users\leite\.m2\repository\net\bytebuddy\byte-buddy\1.14.4\byte-buddy-1.14.4.jar;C:\Users\leite\.m2\repository\net\bytebuddy\byte-buddy-agent\1.14.4\byte-buddy-agent-1.14.4.jar;C:\Users\leite\.m2\repository\org\objenesis\objenesis\3.3\objenesis-3.3.jar;C:\Users\leite\.m2\repository\org\hamcrest\hamcrest-core\2.2\hamcrest-core-2.2.jar;C:\Users\leite\.m2\repository\org\hamcrest\hamcrest\2.2\hamcrest-2.2.jar;C:\Users\leite\.m2\repository\com\microsoft\playwright\playwright\1.36.0\playwright-1.36.0.jar;C:\Users\leite\.m2\repository\com\google\code\gson\gson\2.8.9\gson-2.8.9.jar;C:\Users\leite\.m2\repository\org\opentest4j\opentest4j\1.2.0\opentest4j-1.2.0.jar;C:\Users\leite\.m2\repository\com\microsoft\playwright\driver\1.36.0\driver-1.36.0.jar;C:\Users\leite\.m2\repository\com\microsoft\playwright\driver-bundle\1.36.0\driver-bundle-1.36.0.jar;C:\Users\leite\.m2\repository\org\hibernate\hibernate-core\5.4.25.Final\hibernate-core-5.4.25.Final.jar;C:\Users\leite\.m2\repository\org\jboss\logging\jboss-logging\3.4.1.Final\jboss-logging-3.4.1.Final.jar;C:\Users\leite\.m2\repository\javax\persistence\javax.persistence-api\2.2\javax.persistence-api-2.2.jar;C:\Users\leite\.m2\repository\org\javassist\javassist\3.27.0-GA\javassist-3.27.0-GA.jar;C:\Users\leite\.m2\repository\antlr\antlr\2.7.7\antlr-2.7.7.jar;C:\Users\leite\.m2\repository\org\jboss\spec\javax\transaction\jboss-transaction-api_1.2_spec\1.1.1.Final\jboss-transaction-api_1.2_spec-1.1.1.Final.jar;C:\Users\leite\.m2\repository\org\jboss\jandex\2.1.3.Final\jandex-2.1.3.Final.jar;C:\Users\leite\.m2\repository\com\fasterxml\classmate\1.5.1\classmate-1.5.1.jar;C:\Users\leite\.m2\repository\javax\activation\javax.activation-api\1.2.0\javax.activation-api-1.2.0.jar;C:\Users\leite\.m2\repository\org\dom4j\dom4j\2.1.3\dom4j-2.1.3.jar;C:\Users\leite\.m2\repository\org\hibernate\common\hibernate-commons-annotations\5.1.2.Final\hibernate-commons-annotations-5.1.2.Final.jar;C:\Users\leite\.m2\repository\javax\xml\bind\jaxb-api\2.3.1\jaxb-api-2.3.1.jar;C:\Users\leite\.m2\repository\org\glassfish\jaxb\jaxb-runtime\2.3.1\jaxb-runtime-2.3.1.jar;C:\Users\leite\.m2\repository\org\glassfish\jaxb\txw2\2.3.1\txw2-2.3.1.jar;C:\Users\leite\.m2\repository\com\sun\istack\istack-commons-runtime\3.0.7\istack-commons-runtime-3.0.7.jar;C:\Users\leite\.m2\repository\org\jvnet\staxex\stax-ex\1.8\stax-ex-1.8.jar;C:\Users\leite\.m2\repository\com\sun\xml\fastinfoset\FastInfoset\1.2.15\FastInfoset-1.2.15.jar;C:\Users\leite\.m2\repository\mysql\mysql-connector-java\8.0.28\mysql-connector-java-8.0.28.jar;C:\Users\leite\.m2\repository\com\google\protobuf\protobuf-java\3.11.4\protobuf-java-3.11.4.jar;C:\Users\leite\.m2\repository\com\mercadopago\sdk-java\2.1.24\sdk-java-2.1.24.jar;C:\Users\leite\.m2\repository\org\apache\maven\plugins\maven-javadoc-plugin\3.6.3\maven-javadoc-plugin-3.6.3.jar;C:\Users\leite\.m2\repository\javax\inject\javax.inject\1\javax.inject-1.jar;C:\Users\leite\.m2\repository\org\apache\maven\reporting\maven-reporting-api\3.1.1\maven-reporting-api-3.1.1.jar;C:\Users\leite\.m2\repository\org\apache\maven\maven-archiver\3.6.1\maven-archiver-3.6.1.jar;C:\Users\leite\.m2\repository\org\apache\maven\shared\maven-invoker\3.2.0\maven-invoker-3.2.0.jar;C:\Users\leite\.m2\repository\org\apache\maven\shared\maven-shared-utils\3.4.2\maven-shared-utils-3.4.2.jar;C:\Users\leite\.m2\repository\commons-io\commons-io\2.11.0\commons-io-2.11.0.jar;C:\Users\leite\.m2\repository\org\apache\maven\shared\maven-common-artifact-filters\3.2.0\maven-common-artifact-filters-3.2.0.jar;C:\Users\leite\.m2\repository\org\eclipse\aether\aether-api\0.9.0.M2\aether-api-0.9.0.M2.jar;C:\Users\leite\.m2\repository\org\eclipse\aether\aether-util\0.9.0.M2\aether-util-0.9.0.M2.jar;C:\Users\leite\.m2\repository\org\apache\maven\doxia\doxia-sink-api\1.11.1\doxia-sink-api-1.11.1.jar;C:\Users\leite\.m2\repository\org\apache\maven\doxia\doxia-logging-api\1.11.1\doxia-logging-api-1.11.1.jar;C:\Users\leite\.m2\repository\org\apache\maven\doxia\doxia-site-renderer\1.11.1\doxia-site-renderer-1.11.1.jar;C:\Users\leite\.m2\repository\org\apache\maven\doxia\doxia-core\1.11.1\doxia-core-1.11.1.jar;C:\Users\leite\.m2\repository\org\apache\maven\doxia\doxia-decoration-model\1.11.1\doxia-decoration-model-1.11.1.jar;C:\Users\leite\.m2\repository\org\apache\maven\doxia\doxia-skin-model\1.11.1\doxia-skin-model-1.11.1.jar;C:\Users\leite\.m2\repository\org\apache\maven\doxia\doxia-module-xhtml\1.11.1\doxia-module-xhtml-1.11.1.jar;C:\Users\leite\.m2\repository\org\apache\maven\doxia\doxia-module-xhtml5\1.11.1\doxia-module-xhtml5-1.11.1.jar;C:\Users\leite\.m2\repository\org\codehaus\plexus\plexus-i18n\1.0-beta-10\plexus-i18n-1.0-beta-10.jar;C:\Users\leite\.m2\repository\org\codehaus\plexus\plexus-container-default\1.0-alpha-30\plexus-container-default-1.0-alpha-30.jar;C:\Users\leite\.m2\repository\junit\junit\3.8.1\junit-3.8.1.jar;C:\Users\leite\.m2\repository\org\codehaus\plexus\plexus-velocity\1.2\plexus-velocity-1.2.jar;C:\Users\leite\.m2\repository\commons-collections\commons-collections\3.2.2\commons-collections-3.2.2.jar;C:\Users\leite\.m2\repository\org\apache\maven\wagon\wagon-provider-api\2.4\wagon-provider-api-2.4.jar;C:\Users\leite\.m2\repository\org\apache\commons\commons-lang3\3.14.0\commons-lang3-3.14.0.jar;C:\Users\leite\.m2\repository\org\apache\commons\commons-text\1.11.0\commons-text-1.11.0.jar;C:\Users\leite\.m2\repository\org\apache\httpcomponents\httpcore\4.4.16\httpcore-4.4.16.jar;C:\Users\leite\.m2\repository\com\thoughtworks\qdox\qdox\2.0.3\qdox-2.0.3.jar;C:\Users\leite\.m2\repository\org\codehaus\plexus\plexus-java\1.2.0\plexus-java-1.2.0.jar;C:\Users\leite\.m2\repository\org\ow2\asm\asm\9.6\asm-9.6.jar;C:\Users\leite\.m2\repository\org\codehaus\plexus\plexus-utils\4.0.0\plexus-utils-4.0.0.jar;C:\Users\leite\.m2\repository\org\codehaus\plexus\plexus-xml\3.0.0\plexus-xml-3.0.0.jar;C:\Users\leite\.m2\repository\org\codehaus\plexus\plexus-io\3.4.1\plexus-io-3.4.1.jar;C:\Users\leite\.m2\repository\org\codehaus\plexus\plexus-archiver\4.9.0\plexus-archiver-4.9.0.jar;C:\Users\leite\.m2\repository\org\apache\commons\commons-compress\1.24.0\commons-compress-1.24.0.jar;C:\Users\leite\.m2\repository\org\iq80\snappy\snappy\0.4\snappy-0.4.jar;C:\Users\leite\.m2\repository\org\tukaani\xz\1.9\xz-1.9.jar;C:\Users\leite\.m2\repository\com\github\luben\zstd-jni\1.5.5-10\zstd-jni-1.5.5-10.jar;C:\Users\leite\.m2\repository\org\codehaus\plexus\plexus-interactivity-api\1.1\plexus-interactivity-api-1.1.jar;C:\Users\leite\.m2\repository\org\apache\velocity\velocity-engine-core\2.3\velocity-engine-core-2.3.jar;C:\Users\leite\.m2\repository\org\apache\velocity\tools\velocity-tools-generic\3.1\velocity-tools-generic-3.1.jar;C:\Users\leite\.m2\repository\commons-beanutils\commons-beanutils\1.9.4\commons-beanutils-1.9.4.jar;C:\Users\leite\.m2\repository\org\apache\commons\commons-digester3\3.2\commons-digester3-3.2.jar;C:\Users\leite\.m2\repository\com\github\cliftonlabs\json-simple\3.0.2\json-simple-3.0.2.jar;C:\Users\leite\.m2\repository\commons-lang\commons-lang\2.6\commons-lang-2.6.jar;C:\Users\leite\.m2\repository\org\apache\httpcomponents\httpclient\4.5.13\httpclient-4.5.13.jar;C:\Users\leite\.m2\repository\commons-logging\commons-logging\1.2\commons-logging-1.2.jar;C:\Users\leite\.m2\repository\commons-codec\commons-codec\1.11\commons-codec-1.11.jar;C:\Users\leite\.m2\repository\org\apache\maven\maven-core\3.9.6\maven-core-3.9.6.jar;C:\Users\leite\.m2\repository\org\apache\maven\maven-model\3.9.6\maven-model-3.9.6.jar;C:\Users\leite\.m2\repository\org\apache\maven\maven-settings\3.9.6\maven-settings-3.9.6.jar;C:\Users\leite\.m2\repository\org\apache\maven\maven-settings-builder\3.9.6\maven-settings-builder-3.9.6.jar;C:\Users\leite\.m2\repository\org\codehaus\plexus\plexus-sec-dispatcher\2.0\plexus-sec-dispatcher-2.0.jar;C:\Users\leite\.m2\repository\org\codehaus\plexus\plexus-cipher\2.0\plexus-cipher-2.0.jar;C:\Users\leite\.m2\repository\org\apache\maven\maven-builder-support\3.9.6\maven-builder-support-3.9.6.jar;C:\Users\leite\.m2\repository\org\apache\maven\maven-repository-metadata\3.9.6\maven-repository-metadata-3.9.6.jar;C:\Users\leite\.m2\repository\org\apache\maven\maven-artifact\3.9.6\maven-artifact-3.9.6.jar;C:\Users\leite\.m2\repository\org\apache\maven\maven-plugin-api\3.9.6\maven-plugin-api-3.9.6.jar;C:\Users\leite\.m2\repository\org\apache\maven\maven-model-builder\3.9.6\maven-model-builder-3.9.6.jar;C:\Users\leite\.m2\repository\org\apache\maven\maven-resolver-provider\3.9.6\maven-resolver-provider-3.9.6.jar;C:\Users\leite\.m2\repository\org\apache\maven\resolver\maven-resolver-impl\1.9.18\maven-resolver-impl-1.9.18.jar;C:\Users\leite\.m2\repository\org\apache\maven\resolver\maven-resolver-named-locks\1.9.18\maven-resolver-named-locks-1.9.18.jar;C:\Users\leite\.m2\repository\org\apache\maven\resolver\maven-resolver-api\1.9.18\maven-resolver-api-1.9.18.jar;C:\Users\leite\.m2\repository\org\apache\maven\resolver\maven-resolver-spi\1.9.18\maven-resolver-spi-1.9.18.jar;C:\Users\leite\.m2\repository\org\apache\maven\resolver\maven-resolver-util\1.9.18\maven-resolver-util-1.9.18.jar;C:\Users\leite\.m2\repository\org\eclipse\sisu\org.eclipse.sisu.plexus\0.9.0.M2\org.eclipse.sisu.plexus-0.9.0.M2.jar;C:\Users\leite\.m2\repository\javax\annotation\javax.annotation-api\1.2\javax.annotation-api-1.2.jar;C:\Users\leite\.m2\repository\org\eclipse\sisu\org.eclipse.sisu.inject\0.9.0.M2\org.eclipse.sisu.inject-0.9.0.M2.jar;C:\Users\leite\.m2\repository\com\google\inject\guice\5.1.0\guice-5.1.0.jar;C:\Users\leite\.m2\repository\aopalliance\aopalliance\1.0\aopalliance-1.0.jar;C:\Users\leite\.m2\repository\com\google\guava\guava\32.0.1-jre\guava-32.0.1-jre.jar;C:\Users\leite\.m2\repository\com\google\guava\failureaccess\1.0.1\failureaccess-1.0.1.jar;C:\Users\leite\.m2\repository\org\codehaus\plexus\plexus-classworlds\2.7.0\plexus-classworlds-2.7.0.jar;C:\Users\leite\.m2\repository\org\codehaus\plexus\plexus-interpolation\1.26\plexus-interpolation-1.26.jar;C:\Users\leite\.m2\repository\org\codehaus\plexus\plexus-component-annotations\2.1.0\plexus-component-annotations-2.1.0.jar;"/>
    <property name="java.vm.vendor" value="Oracle Corporation"/>
    <property name="sun.arch.data.model" value="64"/>
    <property name="user.variant" value=""/>
    <property name="java.vendor.url" value="https://java.oracle.com/"/>
    <property name="user.timezone" value="America/Buenos_Aires"/>
    <property name="os.name" value="Windows 11"/>
    <property name="java.vm.specification.version" value="20"/>
    <property name="sun.java.launcher" value="SUN_STANDARD"/>
    <property name="user.country" value="AR"/>
    <property name="sun.boot.library.path" value="C:\Program Files\Java\jdk-20\bin"/>
    <property name="sun.java.command" value="C:\Users\leite\AppData\Local\Temp\surefire14444474659332797625\surefirebooter5998208504239392512.jar C:\Users\leite\AppData\Local\Temp\surefire14444474659332797625 2024-06-23T21-30-15_921-jvmRun1 surefire8840189829799080444tmp surefire_016969576649476642831tmp"/>
    <property name="jdk.debug" value="release"/>
    <property name="surefire.test.class.path" value="C:\Users\leite\IdeaProjects\Proyecto-Taller-Web\target\test-classes;C:\Users\leite\IdeaProjects\Proyecto-Taller-Web\target\classes;C:\Users\leite\.m2\repository\org\springframework\spring-webmvc\5.2.22.RELEASE\spring-webmvc-5.2.22.RELEASE.jar;C:\Users\leite\.m2\repository\org\springframework\spring-aop\5.2.22.RELEASE\spring-aop-5.2.22.RELEASE.jar;C:\Users\leite\.m2\repository\org\springframework\spring-beans\5.2.22.RELEASE\spring-beans-5.2.22.RELEASE.jar;C:\Users\leite\.m2\repository\org\springframework\spring-context\5.2.22.RELEASE\spring-context-5.2.22.RELEASE.jar;C:\Users\leite\.m2\repository\org\springframework\spring-core\5.2.22.RELEASE\spring-core-5.2.22.RELEASE.jar;C:\Users\leite\.m2\repository\org\springframework\spring-jcl\5.2.22.RELEASE\spring-jcl-5.2.22.RELEASE.jar;C:\Users\leite\.m2\repository\org\springframework\spring-expression\5.2.22.RELEASE\spring-expression-5.2.22.RELEASE.jar;C:\Users\leite\.m2\repository\org\springframework\spring-web\5.2.22.RELEASE\spring-web-5.2.22.RELEASE.jar;C:\Users\leite\.m2\repository\org\springframework\spring-orm\5.2.22.RELEASE\spring-orm-5.2.22.RELEASE.jar;C:\Users\leite\.m2\repository\org\springframework\spring-tx\5.2.22.RELEASE\spring-tx-5.2.22.RELEASE.jar;C:\Users\leite\.m2\repository\org\springframework\spring-jdbc\5.2.22.RELEASE\spring-jdbc-5.2.22.RELEASE.jar;C:\Users\leite\.m2\repository\org\hsqldb\hsqldb\2.3.2\hsqldb-2.3.2.jar;C:\Users\leite\.m2\repository\org\thymeleaf\thymeleaf-spring5\3.0.15.RELEASE\thymeleaf-spring5-3.0.15.RELEASE.jar;C:\Users\leite\.m2\repository\org\thymeleaf\thymeleaf\3.0.15.RELEASE\thymeleaf-3.0.15.RELEASE.jar;C:\Users\leite\.m2\repository\org\attoparser\attoparser\2.0.5.RELEASE\attoparser-2.0.5.RELEASE.jar;C:\Users\leite\.m2\repository\org\unbescape\unbescape\1.1.6.RELEASE\unbescape-1.1.6.RELEASE.jar;C:\Users\leite\.m2\repository\org\slf4j\slf4j-api\1.7.25\slf4j-api-1.7.25.jar;C:\Users\leite\.m2\repository\org\webjars\bootstrap\5.2.0\bootstrap-5.2.0.jar;C:\Users\leite\.m2\repository\jakarta\servlet\jakarta.servlet-api\4.0.4\jakarta.servlet-api-4.0.4.jar;C:\Users\leite\.m2\repository\org\springframework\spring-test\5.2.22.RELEASE\spring-test-5.2.22.RELEASE.jar;C:\Users\leite\.m2\repository\org\webjars\fullcalendar\5.10.1\fullcalendar-5.10.1.jar;C:\Users\leite\.m2\repository\org\webjars\jquery\1.11.1\jquery-1.11.1.jar;C:\Users\leite\.m2\repository\org\webjars\momentjs\2.5.0\momentjs-2.5.0.jar;C:\Users\leite\.m2\repository\org\junit\jupiter\junit-jupiter-engine\5.9.0\junit-jupiter-engine-5.9.0.jar;C:\Users\leite\.m2\repository\org\junit\platform\junit-platform-engine\1.9.0\junit-platform-engine-1.9.0.jar;C:\Users\leite\.m2\repository\org\junit\platform\junit-platform-commons\1.9.0\junit-platform-commons-1.9.0.jar;C:\Users\leite\.m2\repository\org\junit\jupiter\junit-jupiter-api\5.9.0\junit-jupiter-api-5.9.0.jar;C:\Users\leite\.m2\repository\org\apiguardian\apiguardian-api\1.1.2\apiguardian-api-1.1.2.jar;C:\Users\leite\.m2\repository\org\mockito\mockito-core\5.3.1\mockito-core-5.3.1.jar;C:\Users\leite\.m2\repository\net\bytebuddy\byte-buddy\1.14.4\byte-buddy-1.14.4.jar;C:\Users\leite\.m2\repository\net\bytebuddy\byte-buddy-agent\1.14.4\byte-buddy-agent-1.14.4.jar;C:\Users\leite\.m2\repository\org\objenesis\objenesis\3.3\objenesis-3.3.jar;C:\Users\leite\.m2\repository\org\hamcrest\hamcrest-core\2.2\hamcrest-core-2.2.jar;C:\Users\leite\.m2\repository\org\hamcrest\hamcrest\2.2\hamcrest-2.2.jar;C:\Users\leite\.m2\repository\com\microsoft\playwright\playwright\1.36.0\playwright-1.36.0.jar;C:\Users\leite\.m2\repository\com\google\code\gson\gson\2.8.9\gson-2.8.9.jar;C:\Users\leite\.m2\repository\org\opentest4j\opentest4j\1.2.0\opentest4j-1.2.0.jar;C:\Users\leite\.m2\repository\com\microsoft\playwright\driver\1.36.0\driver-1.36.0.jar;C:\Users\leite\.m2\repository\com\microsoft\playwright\driver-bundle\1.36.0\driver-bundle-1.36.0.jar;C:\Users\leite\.m2\repository\org\hibernate\hibernate-core\5.4.25.Final\hibernate-core-5.4.25.Final.jar;C:\Users\leite\.m2\repository\org\jboss\logging\jboss-logging\3.4.1.Final\jboss-logging-3.4.1.Final.jar;C:\Users\leite\.m2\repository\javax\persistence\javax.persistence-api\2.2\javax.persistence-api-2.2.jar;C:\Users\leite\.m2\repository\org\javassist\javassist\3.27.0-GA\javassist-3.27.0-GA.jar;C:\Users\leite\.m2\repository\antlr\antlr\2.7.7\antlr-2.7.7.jar;C:\Users\leite\.m2\repository\org\jboss\spec\javax\transaction\jboss-transaction-api_1.2_spec\1.1.1.Final\jboss-transaction-api_1.2_spec-1.1.1.Final.jar;C:\Users\leite\.m2\repository\org\jboss\jandex\2.1.3.Final\jandex-2.1.3.Final.jar;C:\Users\leite\.m2\repository\com\fasterxml\classmate\1.5.1\classmate-1.5.1.jar;C:\Users\leite\.m2\repository\javax\activation\javax.activation-api\1.2.0\javax.activation-api-1.2.0.jar;C:\Users\leite\.m2\repository\org\dom4j\dom4j\2.1.3\dom4j-2.1.3.jar;C:\Users\leite\.m2\repository\org\hibernate\common\hibernate-commons-annotations\5.1.2.Final\hibernate-commons-annotations-5.1.2.Final.jar;C:\Users\leite\.m2\repository\javax\xml\bind\jaxb-api\2.3.1\jaxb-api-2.3.1.jar;C:\Users\leite\.m2\repository\org\glassfish\jaxb\jaxb-runtime\2.3.1\jaxb-runtime-2.3.1.jar;C:\Users\leite\.m2\repository\org\glassfish\jaxb\txw2\2.3.1\txw2-2.3.1.jar;C:\Users\leite\.m2\repository\com\sun\istack\istack-commons-runtime\3.0.7\istack-commons-runtime-3.0.7.jar;C:\Users\leite\.m2\repository\org\jvnet\staxex\stax-ex\1.8\stax-ex-1.8.jar;C:\Users\leite\.m2\repository\com\sun\xml\fastinfoset\FastInfoset\1.2.15\FastInfoset-1.2.15.jar;C:\Users\leite\.m2\repository\mysql\mysql-connector-java\8.0.28\mysql-connector-java-8.0.28.jar;C:\Users\leite\.m2\repository\com\google\protobuf\protobuf-java\3.11.4\protobuf-java-3.11.4.jar;C:\Users\leite\.m2\repository\com\mercadopago\sdk-java\2.1.24\sdk-java-2.1.24.jar;C:\Users\leite\.m2\repository\org\apache\maven\plugins\maven-javadoc-plugin\3.6.3\maven-javadoc-plugin-3.6.3.jar;C:\Users\leite\.m2\repository\javax\inject\javax.inject\1\javax.inject-1.jar;C:\Users\leite\.m2\repository\org\apache\maven\reporting\maven-reporting-api\3.1.1\maven-reporting-api-3.1.1.jar;C:\Users\leite\.m2\repository\org\apache\maven\maven-archiver\3.6.1\maven-archiver-3.6.1.jar;C:\Users\leite\.m2\repository\org\apache\maven\shared\maven-invoker\3.2.0\maven-invoker-3.2.0.jar;C:\Users\leite\.m2\repository\org\apache\maven\shared\maven-shared-utils\3.4.2\maven-shared-utils-3.4.2.jar;C:\Users\leite\.m2\repository\commons-io\commons-io\2.11.0\commons-io-2.11.0.jar;C:\Users\leite\.m2\repository\org\apache\maven\shared\maven-common-artifact-filters\3.2.0\maven-common-artifact-filters-3.2.0.jar;C:\Users\leite\.m2\repository\org\eclipse\aether\aether-api\0.9.0.M2\aether-api-0.9.0.M2.jar;C:\Users\leite\.m2\repository\org\eclipse\aether\aether-util\0.9.0.M2\aether-util-0.9.0.M2.jar;C:\Users\leite\.m2\repository\org\apache\maven\doxia\doxia-sink-api\1.11.1\doxia-sink-api-1.11.1.jar;C:\Users\leite\.m2\repository\org\apache\maven\doxia\doxia-logging-api\1.11.1\doxia-logging-api-1.11.1.jar;C:\Users\leite\.m2\repository\org\apache\maven\doxia\doxia-site-renderer\1.11.1\doxia-site-renderer-1.11.1.jar;C:\Users\leite\.m2\repository\org\apache\maven\doxia\doxia-core\1.11.1\doxia-core-1.11.1.jar;C:\Users\leite\.m2\repository\org\apache\maven\doxia\doxia-decoration-model\1.11.1\doxia-decoration-model-1.11.1.jar;C:\Users\leite\.m2\repository\org\apache\maven\doxia\doxia-skin-model\1.11.1\doxia-skin-model-1.11.1.jar;C:\Users\leite\.m2\repository\org\apache\maven\doxia\doxia-module-xhtml\1.11.1\doxia-module-xhtml-1.11.1.jar;C:\Users\leite\.m2\repository\org\apache\maven\doxia\doxia-module-xhtml5\1.11.1\doxia-module-xhtml5-1.11.1.jar;C:\Users\leite\.m2\repository\org\codehaus\plexus\plexus-i18n\1.0-beta-10\plexus-i18n-1.0-beta-10.jar;C:\Users\leite\.m2\repository\org\codehaus\plexus\plexus-container-default\1.0-alpha-30\plexus-container-default-1.0-alpha-30.jar;C:\Users\leite\.m2\repository\junit\junit\3.8.1\junit-3.8.1.jar;C:\Users\leite\.m2\repository\org\codehaus\plexus\plexus-velocity\1.2\plexus-velocity-1.2.jar;C:\Users\leite\.m2\repository\commons-collections\commons-collections\3.2.2\commons-collections-3.2.2.jar;C:\Users\leite\.m2\repository\org\apache\maven\wagon\wagon-provider-api\2.4\wagon-provider-api-2.4.jar;C:\Users\leite\.m2\repository\org\apache\commons\commons-lang3\3.14.0\commons-lang3-3.14.0.jar;C:\Users\leite\.m2\repository\org\apache\commons\commons-text\1.11.0\commons-text-1.11.0.jar;C:\Users\leite\.m2\repository\org\apache\httpcomponents\httpcore\4.4.16\httpcore-4.4.16.jar;C:\Users\leite\.m2\repository\com\thoughtworks\qdox\qdox\2.0.3\qdox-2.0.3.jar;C:\Users\leite\.m2\repository\org\codehaus\plexus\plexus-java\1.2.0\plexus-java-1.2.0.jar;C:\Users\leite\.m2\repository\org\ow2\asm\asm\9.6\asm-9.6.jar;C:\Users\leite\.m2\repository\org\codehaus\plexus\plexus-utils\4.0.0\plexus-utils-4.0.0.jar;C:\Users\leite\.m2\repository\org\codehaus\plexus\plexus-xml\3.0.0\plexus-xml-3.0.0.jar;C:\Users\leite\.m2\repository\org\codehaus\plexus\plexus-io\3.4.1\plexus-io-3.4.1.jar;C:\Users\leite\.m2\repository\org\codehaus\plexus\plexus-archiver\4.9.0\plexus-archiver-4.9.0.jar;C:\Users\leite\.m2\repository\org\apache\commons\commons-compress\1.24.0\commons-compress-1.24.0.jar;C:\Users\leite\.m2\repository\org\iq80\snappy\snappy\0.4\snappy-0.4.jar;C:\Users\leite\.m2\repository\org\tukaani\xz\1.9\xz-1.9.jar;C:\Users\leite\.m2\repository\com\github\luben\zstd-jni\1.5.5-10\zstd-jni-1.5.5-10.jar;C:\Users\leite\.m2\repository\org\codehaus\plexus\plexus-interactivity-api\1.1\plexus-interactivity-api-1.1.jar;C:\Users\leite\.m2\repository\org\apache\velocity\velocity-engine-core\2.3\velocity-engine-core-2.3.jar;C:\Users\leite\.m2\repository\org\apache\velocity\tools\velocity-tools-generic\3.1\velocity-tools-generic-3.1.jar;C:\Users\leite\.m2\repository\commons-beanutils\commons-beanutils\1.9.4\commons-beanutils-1.9.4.jar;C:\Users\leite\.m2\repository\org\apache\commons\commons-digester3\3.2\commons-digester3-3.2.jar;C:\Users\leite\.m2\repository\com\github\cliftonlabs\json-simple\3.0.2\json-simple-3.0.2.jar;C:\Users\leite\.m2\repository\commons-lang\commons-lang\2.6\commons-lang-2.6.jar;C:\Users\leite\.m2\repository\org\apache\httpcomponents\httpclient\4.5.13\httpclient-4.5.13.jar;C:\Users\leite\.m2\repository\commons-logging\commons-logging\1.2\commons-logging-1.2.jar;C:\Users\leite\.m2\repository\commons-codec\commons-codec\1.11\commons-codec-1.11.jar;C:\Users\leite\.m2\repository\org\apache\maven\maven-core\3.9.6\maven-core-3.9.6.jar;C:\Users\leite\.m2\repository\org\apache\maven\maven-model\3.9.6\maven-model-3.9.6.jar;C:\Users\leite\.m2\repository\org\apache\maven\maven-settings\3.9.6\maven-settings-3.9.6.jar;C:\Users\leite\.m2\repository\org\apache\maven\maven-settings-builder\3.9.6\maven-settings-builder-3.9.6.jar;C:\Users\leite\.m2\repository\org\codehaus\plexus\plexus-sec-dispatcher\2.0\plexus-sec-dispatcher-2.0.jar;C:\Users\leite\.m2\repository\org\codehaus\plexus\plexus-cipher\2.0\plexus-cipher-2.0.jar;C:\Users\leite\.m2\repository\org\apache\maven\maven-builder-support\3.9.6\maven-builder-support-3.9.6.jar;C:\Users\leite\.m2\repository\org\apache\maven\maven-repository-metadata\3.9.6\maven-repository-metadata-3.9.6.jar;C:\Users\leite\.m2\repository\org\apache\maven\maven-artifact\3.9.6\maven-artifact-3.9.6.jar;C:\Users\leite\.m2\repository\org\apache\maven\maven-plugin-api\3.9.6\maven-plugin-api-3.9.6.jar;C:\Users\leite\.m2\repository\org\apache\maven\maven-model-builder\3.9.6\maven-model-builder-3.9.6.jar;C:\Users\leite\.m2\repository\org\apache\maven\maven-resolver-provider\3.9.6\maven-resolver-provider-3.9.6.jar;C:\Users\leite\.m2\repository\org\apache\maven\resolver\maven-resolver-impl\1.9.18\maven-resolver-impl-1.9.18.jar;C:\Users\leite\.m2\repository\org\apache\maven\resolver\maven-resolver-named-locks\1.9.18\maven-resolver-named-locks-1.9.18.jar;C:\Users\leite\.m2\repository\org\apache\maven\resolver\maven-resolver-api\1.9.18\maven-resolver-api-1.9.18.jar;C:\Users\leite\.m2\repository\org\apache\maven\resolver\maven-resolver-spi\1.9.18\maven-resolver-spi-1.9.18.jar;C:\Users\leite\.m2\repository\org\apache\maven\resolver\maven-resolver-util\1.9.18\maven-resolver-util-1.9.18.jar;C:\Users\leite\.m2\repository\org\eclipse\sisu\org.eclipse.sisu.plexus\0.9.0.M2\org.eclipse.sisu.plexus-0.9.0.M2.jar;C:\Users\leite\.m2\repository\javax\annotation\javax.annotation-api\1.2\javax.annotation-api-1.2.jar;C:\Users\leite\.m2\repository\org\eclipse\sisu\org.eclipse.sisu.inject\0.9.0.M2\org.eclipse.sisu.inject-0.9.0.M2.jar;C:\Users\leite\.m2\repository\com\google\inject\guice\5.1.0\guice-5.1.0.jar;C:\Users\leite\.m2\repository\aopalliance\aopalliance\1.0\aopalliance-1.0.jar;C:\Users\leite\.m2\repository\com\google\guava\guava\32.0.1-jre\guava-32.0.1-jre.jar;C:\Users\leite\.m2\repository\com\google\guava\failureaccess\1.0.1\failureaccess-1.0.1.jar;C:\Users\leite\.m2\repository\org\codehaus\plexus\plexus-classworlds\2.7.0\plexus-classworlds-2.7.0.jar;C:\Users\leite\.m2\repository\org\codehaus\plexus\plexus-interpolation\1.26\plexus-interpolation-1.26.jar;C:\Users\leite\.m2\repository\org\codehaus\plexus\plexus-component-annotations\2.1.0\plexus-component-annotations-2.1.0.jar;"/>
    <property name="sun.cpu.endian" value="little"/>
    <property name="user.home" value="C:\Users\leite"/>
    <property name="user.language" value="es"/>
    <property name="java.specification.vendor" value="Oracle Corporation"/>
    <property name="java.version.date" value="2023-04-18"/>
    <property name="java.home" value="C:\Program Files\Java\jdk-20"/>
    <property name="file.separator" value="\"/>
    <property name="basedir" value="C:\Users\leite\IdeaProjects\Proyecto-Taller-Web"/>
    <property name="java.vm.compressedOopsMode" value="Zero based"/>
    <property name="line.separator" value="&#10;"/>
    <property name="java.vm.specification.vendor" value="Oracle Corporation"/>
    <property name="java.specification.name" value="Java Platform API Specification"/>
    <property name="surefire.real.class.path" value="C:\Users\leite\AppData\Local\Temp\surefire14444474659332797625\surefirebooter5998208504239392512.jar"/>
    <property name="user.script" value=""/>
    <property name="sun.management.compiler" value="HotSpot 64-Bit Tiered Compilers"/>
    <property name="java.runtime.version" value="20.0.1+9-29"/>
    <property name="user.name" value="leite"/>
    <property name="stdout.encoding" value="Cp1252"/>
    <property name="path.separator" value=";"/>
    <property name="os.version" value="10.0"/>
    <property name="java.runtime.name" value="Java(TM) SE Runtime Environment"/>
    <property name="file.encoding" value="UTF-8"/>
    <property name="java.vm.name" value="Java HotSpot(TM) 64-Bit Server VM"/>
    <property name="localRepository" value="C:\Users\leite\.m2\repository"/>
    <property name="java.vendor.url.bug" value="https://bugreport.java.com/bugreport/"/>
    <property name="java.io.tmpdir" value="C:\Users\leite\AppData\Local\Temp\"/>
    <property name="java.version" value="20.0.1"/>
    <property name="user.dir" value="C:\Users\leite\IdeaProjects\Proyecto-Taller-Web"/>
    <property name="os.arch" value="amd64"/>
    <property name="java.vm.specification.name" value="Java Virtual Machine Specification"/>
    <property name="sun.os.patch.level" value=""/>
    <property name="native.encoding" value="Cp1252"/>
    <property name="java.library.path" value="C:\Program Files\Java\jdk-20\bin;C:\Windows\Sun\Java\bin;C:\Windows\system32;C:\Windows;%JAVA_HOME%\bin;C:\Program Files\Common Files\Oracle\Java\javapath;C:\Windows\system32;C:\Windows;C:\Windows\System32\Wbem;C:\Windows\System32\WindowsPowerShell\v1.0\;C:\Windows\System32\OpenSSH\;C:\maven\apache-maven-3.9.6\bin;C:\Program Files\Git\cmd;C:\Program Files\OpenSSL-Win64\bin;C:\Program Files\MySQL\MySQL Server 8.4\bin;C:\Users\leite\AppData\Local\Microsoft\WindowsApps;C:\Users\leite\AppData\Local\Programs\Microsoft VS Code\bin;C:\Users\leite\AppData\Local\GitHubDesktop\bin;."/>
    <property name="java.vm.info" value="mixed mode, sharing"/>
    <property name="stderr.encoding" value="Cp1252"/>
    <property name="java.vendor" value="Oracle Corporation"/>
    <property name="java.vm.version" value="20.0.1+9-29"/>
    <property name="sun.io.unicode.encoding" value="UnicodeLittle"/>
    <property name="java.class.version" value="64.0"/>
  </properties>
  <testcase name="quePuedaGuardarUnMetodo" classname="com.tallerwebi.infraestructura.RepositorioMetodoTest" time="0.084">
    <system-out><![CDATA[Hibernate: 
    
    drop table if exists Compra CASCADE 
Hibernate: 
    
    drop table if exists Compra_Producto CASCADE 
Hibernate: 
    
    drop table if exists DatosMembresia CASCADE 
Hibernate: 
    
    drop table if exists Etapa CASCADE 
Hibernate: 
    
    drop table if exists Hijo CASCADE 
Hibernate: 
    
    drop table if exists Juego CASCADE 
Hibernate: 
    
    drop table if exists Metodo CASCADE 
Hibernate: 
    
    drop table if exists Producto CASCADE 
Hibernate: 
    
    drop table if exists Profesional CASCADE 
Hibernate: 
    
    drop table if exists Tarjeta CASCADE 
Hibernate: 
    
    drop table if exists Tienda CASCADE 
Hibernate: 
    
    drop table if exists Tienda_Producto CASCADE 
Hibernate: 
    
    drop table if exists TipoProfesional CASCADE 
Hibernate: 
    
    drop table if exists Turno CASCADE 
Hibernate: 
    
    drop table if exists Usuario CASCADE 
Hibernate: 
    
    create table Compra (
       id bigint generated by default as identity (start with 1),
        estado integer,
        total double,
        usuario_id bigint,
        primary key (id)
    )
Hibernate: 
    
    create table Compra_Producto (
       Compra_id bigint not null,
        productos_id bigint not null
    )
Hibernate: 
    
    create table DatosMembresia (
       id bigint generated by default as identity (start with 1),
        email varchar(255),
        estado varchar(255),
        fechaDeBaja timestamp,
        fechaDeInicio timestamp,
        nombreCompleto varchar(255),
        numeroTelefonico bigint,
        tarjeta_id bigint,
        primary key (id)
    )
Hibernate: 
    
    create table Etapa (
       id bigint generated by default as identity (start with 1),
        desde integer,
        hasta integer,
        nombre varchar(255),
        primary key (id)
    )
Hibernate: 
    
    create table Hijo (
       id bigint generated by default as identity (start with 1),
        dni integer,
        edad integer,
        fecha_nacimiento timestamp,
        nombre varchar(255),
        etapa_id bigint,
        metodo_id bigint,
        usuario_id bigint,
        primary key (id)
    )
Hibernate: 
    
    create table Juego (
       id bigint generated by default as identity (start with 1),
        descripcion varchar(255),
        nombre varchar(255),
        etapa_id bigint,
        primary key (id)
    )
Hibernate: 
    
    create table Metodo (
       id bigint generated by default as identity (start with 1),
        nombre varchar(255),
        primary key (id)
    )
Hibernate: 
    
    create table Producto (
       id bigint generated by default as identity (start with 1),
        descripcion varchar(255),
        imagenUrl varchar(255),
        nombre varchar(255),
        precio double,
        stock bigint,
        etapa_id bigint,
        tienda_id bigint,
        primary key (id)
    )
Hibernate: 
    
    create table Profesional (
       id bigint generated by default as identity (start with 1),
        direccion varchar(255),
        email varchar(255),
        institucion varchar(255),
        nombre varchar(255) not null,
        telefono varchar(255),
        metodo_id bigint,
        tipo_id bigint,
        primary key (id)
    )
Hibernate: 
    
    create table Tarjeta (
       id bigint generated by default as identity (start with 1),
        codigoDeSeguridad integer,
        fechaDeVencimiento timestamp,
        numeroDeTarjeta bigint,
        primary key (id)
    )
Hibernate: 
    
    create table Tienda (
       id bigint generated by default as identity (start with 1),
        email varchar(255),
        nombre varchar(255),
        telefono varchar(255),
        primary key (id)
    )
Hibernate: 
    
    create table Tienda_Producto (
       Tienda_id bigint not null,
        productos_id bigint not null
    )
Hibernate: 
    
    create table TipoProfesional (
       id bigint generated by default as identity (start with 1),
        nombre varchar(255),
        primary key (id)
    )
Hibernate: 
    
    create table Turno (
       id bigint generated by default as identity (start with 1),
        estado varchar(255),
        fechaHora timestamp,
        profesional_id bigint,
        usuario_id bigint,
        primary key (id)
    )
Hibernate: 
    
    create table Usuario (
       id bigint generated by default as identity (start with 1),
        email varchar(255),
        estado boolean,
        nombre varchar(255),
        password varchar(255),
        rol varchar(255),
        conyuge_id bigint,
        membresia_id bigint,
        primary key (id)
    )
Hibernate: 
    
    alter table Compra_Producto 
       add constraint UK_qdqcipjwej5f1v6w0hureucb0 unique (productos_id)
Hibernate: 
    
    alter table Tienda_Producto 
       add constraint UK_36wjcnl85v399v0neh63uwy7 unique (productos_id)
Hibernate: 
    
    alter table Compra 
       add constraint FKcntjp6tnge6ogm3rx1ld4v9nd 
       foreign key (usuario_id) 
       references Usuario
Hibernate: 
    
    alter table Compra_Producto 
       add constraint FKc5bqfu2dobnee1snk37ie6gpl 
       foreign key (productos_id) 
       references Producto
Hibernate: 
    
    alter table Compra_Producto 
       add constraint FKlvpm65enyb8d0agcapby8ckhw 
       foreign key (Compra_id) 
       references Compra
Hibernate: 
    
    alter table DatosMembresia 
       add constraint FKjxin19pch21kt32l97oft81pe 
       foreign key (tarjeta_id) 
       references Tarjeta
Hibernate: 
    
    alter table Hijo 
       add constraint FKtp3aveicicl7sdrvyd33bdjjr 
       foreign key (etapa_id) 
       references Etapa
Hibernate: 
    
    alter table Hijo 
       add constraint FKexsjcryrhby2j4kxjncb0bj0y 
       foreign key (metodo_id) 
       references Metodo
Hibernate: 
    
    alter table Hijo 
       add constraint FK13f1fdqy78e3uf25mqn8dh4r3 
       foreign key (usuario_id) 
       references Usuario
Hibernate: 
    
    alter table Juego 
       add constraint FKmrkb4ii4sl0310tl7g0oi67qt 
       foreign key (etapa_id) 
       references Etapa
Hibernate: 
    
    alter table Producto 
       add constraint FK7kccpoe2p0nt84gw3vued4dyb 
       foreign key (etapa_id) 
       references Etapa
Hibernate: 
    
    alter table Producto 
       add constraint FK7ajlkbgbxcs64wv7u4gpyydxb 
       foreign key (tienda_id) 
       references Tienda
Hibernate: 
    
    alter table Profesional 
       add constraint FKsg60yqs5psjj7i8n12krd5s76 
       foreign key (metodo_id) 
       references Metodo
Hibernate: 
    
    alter table Profesional 
       add constraint FKfyqr4wwxiiev1htt2cwi99v5c 
       foreign key (tipo_id) 
       references TipoProfesional
Hibernate: 
    
    alter table Tienda_Producto 
       add constraint FKf3lrwbc6lt5wiq0o9llnfygr4 
       foreign key (productos_id) 
       references Producto
Hibernate: 
    
    alter table Tienda_Producto 
       add constraint FKi86qdogq0joyt1cgny6pd0qek 
       foreign key (Tienda_id) 
       references Tienda
Hibernate: 
    
    alter table Turno 
       add constraint FKagjsml7aucqrfwtrd5smcwofx 
       foreign key (profesional_id) 
       references Profesional
Hibernate: 
    
    alter table Turno 
       add constraint FKkqdsf8i6uj6ukkmasuy5b4h25 
       foreign key (usuario_id) 
       references Usuario
Hibernate: 
    
    alter table Usuario 
       add constraint FK268o4x9b0coxk92oncfmud4f5 
       foreign key (conyuge_id) 
       references Usuario
Hibernate: 
    
    alter table Usuario 
       add constraint FK138s5myetxuoslopxk3u6mowy 
       foreign key (membresia_id) 
       references DatosMembresia
Hibernate: 
    insert 
    into
        Metodo
        (id, nombre) 
    values
        (default, ?)
]]></system-out>
    <system-err><![CDATA[SLF4J: Failed to load class "org.slf4j.impl.StaticLoggerBinder".
SLF4J: Defaulting to no-operation (NOP) logger implementation
SLF4J: See http://www.slf4j.org/codes.html#StaticLoggerBinder for further details.
jun 23, 2024 9:30:17 P. M. org.hibernate.Version logVersion
INFO: HHH000412: Hibernate ORM core version 5.4.25.Final
jun 23, 2024 9:30:17 P. M. org.hibernate.annotations.common.reflection.java.JavaReflectionManager <clinit>
INFO: HCANN000001: Hibernate Commons Annotations {5.1.2.Final}
jun 23, 2024 9:30:18 P. M. org.hibernate.dialect.Dialect <init>
INFO: HHH000400: Using dialect: org.hibernate.dialect.HSQLDialect
jun 23, 2024 9:30:18 P. M. org.hibernate.engine.transaction.jta.platform.internal.JtaPlatformInitiator initiateService
INFO: HHH000490: Using JtaPlatform implementation: [org.hibernate.engine.transaction.jta.platform.internal.NoJtaPlatform]
]]></system-err>
  </testcase>
  <testcase name="quePuedaBuscarTodosLosMetodos" classname="com.tallerwebi.infraestructura.RepositorioMetodoTest" time="0.022">
    <system-out><![CDATA[Hibernate: 
    insert 
    into
        Metodo
        (id, nombre) 
    values
        (default, ?)
Hibernate: 
    insert 
    into
        Metodo
        (id, nombre) 
    values
        (default, ?)
Hibernate: 
    insert 
    into
        Metodo
        (id, nombre) 
    values
        (default, ?)
Hibernate: 
    select
        this_.id as id1_6_0_,
        this_.nombre as nombre2_6_0_ 
    from
        Metodo this_
]]></system-out>
    <system-err><![CDATA[jun 23, 2024 9:30:19 P. M. org.hibernate.internal.SessionImpl createCriteria
WARN: HHH90000022: Hibernate's legacy org.hibernate.Criteria API is deprecated; use the JPA javax.persistence.criteria.CriteriaQuery instead
]]></system-err>
  </testcase>
  <testcase name="quePuedaBuscarUnMetodoPorId" classname="com.tallerwebi.infraestructura.RepositorioMetodoTest" time="0.012">
    <failure type="java.lang.AssertionError"><![CDATA[java.lang.AssertionError: 

Expected: <1L>
     but: was <5L>
	at com.tallerwebi.infraestructura.RepositorioMetodoTest.thenEncuentroMetodoPorId(RepositorioMetodoTest.java:119)
	at com.tallerwebi.infraestructura.RepositorioMetodoTest.quePuedaBuscarUnMetodoPorId(RepositorioMetodoTest.java:113)
]]></failure>
    <system-out><![CDATA[Hibernate: 
    insert 
    into
        Metodo
        (id, nombre) 
    values
        (default, ?)
Hibernate: 
    select
        this_.id as id1_6_0_,
        this_.nombre as nombre2_6_0_ 
    from
        Metodo this_ 
    where
        this_.id=?
]]></system-out>
    <system-err><![CDATA[jun 23, 2024 9:30:19 P. M. org.hibernate.internal.SessionImpl createCriteria
WARN: HHH90000022: Hibernate's legacy org.hibernate.Criteria API is deprecated; use the JPA javax.persistence.criteria.CriteriaQuery instead
]]></system-err>
  </testcase>
  <testcase name="quePuedaBuscarUnMetodo" classname="com.tallerwebi.infraestructura.RepositorioMetodoTest" time="0.003">
    <system-out><![CDATA[Hibernate: 
    insert 
    into
        Metodo
        (id, nombre) 
    values
        (default, ?)
Hibernate: 
    select
        this_.id as id1_6_0_,
        this_.nombre as nombre2_6_0_ 
    from
        Metodo this_ 
    where
        this_.nombre=?
]]></system-out>
    <system-err><![CDATA[jun 23, 2024 9:30:19 P. M. org.hibernate.internal.SessionImpl createCriteria
WARN: HHH90000022: Hibernate's legacy org.hibernate.Criteria API is deprecated; use the JPA javax.persistence.criteria.CriteriaQuery instead
]]></system-err>
  </testcase>
</testsuite>